<?xml version="1.0" encoding="UTF-8"?>
<!-- Generated by org.testng.reporters.JUnitReportReporter -->
<testsuite hostname="Dipjyoti-PC" name="TestNg.NewTest" tests="1" failures="0" timestamp="10 Jul 2016 14:12:28 GMT" time="6.565" errors="0">
  <testcase name="f" time="6.565" classname="TestNg.NewTest"/>
</testsuite> <!-- TestNg.NewTest -->
